<!DOCTYPE html>
<html class="no-js" lang="en">
<head>
	<meta charset="UTF-8">
	<meta name="viewport" content="width=device-width, initial-scale=1">
	<title>maven，Spring boot,cloud集成过程中遇到的几个问题 - 编程随想</title>
	<script>(function(d,e){d[e]=d[e].replace("no-js","js");})(document.documentElement,"className");</script>
	<meta name="description" content="">
		<meta property="og:title" content="maven，Spring boot,cloud集成过程中遇到的几个问题" />
<meta property="og:description" content="问题一:通过MAVEN命令行执行,报如下错误
mvn compile
Downloading from spring-milestones: https://repo.spring.io/milestone/org/springframework/cloud/spring-cloud-dependencies/Greenwich.M3/spring-cloud-dependencies-
Greenwich.M3.pom
Downloading from alimaven: http://maven.aliyun.com/nexus/content/groups/public/org/springframework/cloud/spring-cloud-dependencies/Greenwich.M3/spring-cloud-dep
endencies-Greenwich.M3.pom
[ERROR] [ERROR] Some problems were encountered while processing the POMs:
[ERROR] Non-resolvable import POM: Could not transfer artifact org.springframework.cloud:spring-cloud-dependencies:pom:Greenwich.M3 from/to spring-milestones (https://repo.spring.io/milestone): Received fatal alert: protocol_version @ line38, column 19
[ERROR] &#39;dependencies.dependency.version&#39; for org.springframework.cloud:spring-cloud-starter-netflix-eureka-server:jar is missing. @ line 24, column 17
@
问题解决参考链接,按照说明添加配置后问题解决
https://www.cnblogs.com/huiy/p/8664006.html
问题解决前配置
&lt;repositories&gt;
&lt;repository&gt;
&lt;id&gt;spring-milestones&lt;/id&gt;
&lt;name&gt;Spring Milestones&lt;/name&gt;
&lt;url&gt;https://repo.spring.io/milestone&lt;/url&gt;
&lt;/repository&gt;
问题解决后配置
&lt;repositories&gt;
&lt;repository&gt;
&lt;id&gt;spring-milestones&lt;/id&gt;" />
<meta property="og:type" content="article" />
<meta property="og:url" content="/posts/0f1b5e5290b1d2e23d8e690e59f803bd/" /><meta property="article:section" content="posts" />
<meta property="article:published_time" content="2018-12-28T17:36:56+08:00" />
<meta property="article:modified_time" content="2018-12-28T17:36:56+08:00" />


	<link rel="preconnect" href="https://fonts.gstatic.com" crossorigin>
	<link rel="dns-prefetch" href="//fonts.googleapis.com">
	<link rel="dns-prefetch" href="//fonts.gstatic.com">
	<link rel="stylesheet" href="https://fonts.googleapis.com/css?family=Open+Sans:400,400i,700">

	<link rel="stylesheet" href="/css/style.css">
	

	<link rel="shortcut icon" href="/favicon.ico">
		
</head>
<body class="body">
	<div class="container container--outer">
		<header class="header">
	<div class="container header__container">
		
	<div class="logo">
		<a class="logo__link" href="/" title="编程随想" rel="home">
			<div class="logo__item logo__text">
					<div class="logo__title">编程随想</div>
					
				</div>
		</a>
	</div>
		<div class="divider"></div>
	</div>
</header>
		<div class="wrapper flex">
			<div class="primary">
			
<main class="main" role="main">
	<article class="post">
		<header class="post__header">
			<h1 class="post__title">maven，Spring boot,cloud集成过程中遇到的几个问题</h1>
			
		</header>
		<div class="content post__content clearfix">
			
<div id="content_views" class="htmledit_views">
                    <p>问题一:通过MAVEN命令行执行,报如下错误<br> mvn compile</p> 
<p>Downloading from spring-milestones: https://repo.spring.io/milestone/org/springframework/cloud/spring-cloud-dependencies/Greenwich.M3/spring-cloud-dependencies-<br> Greenwich.M3.pom<br> Downloading from alimaven: http://maven.aliyun.com/nexus/content/groups/public/org/springframework/cloud/spring-cloud-dependencies/Greenwich.M3/spring-cloud-dep<br> endencies-Greenwich.M3.pom<br> [ERROR] [ERROR] Some problems were encountered while processing the POMs:<br> [ERROR] Non-resolvable import POM: Could not transfer artifact org.springframework.cloud:spring-cloud-dependencies:pom:Greenwich.M3 from/to spring-milestones (https://repo.spring.io/milestone): Received fatal alert: protocol_version @ line38, column 19<br> [ERROR] 'dependencies.dependency.version' for org.springframework.cloud:spring-cloud-starter-netflix-eureka-server:jar is missing. @ line 24, column 17<br>  @<br>  <br> 问题解决参考链接,按照说明添加配置后问题解决<br>  https://www.cnblogs.com/huiy/p/8664006.html<br>  <br> 问题解决前配置<br>    &lt;repositories&gt;<br>     &lt;repository&gt;<br>       &lt;id&gt;spring-milestones&lt;/id&gt;<br>       &lt;name&gt;Spring Milestones&lt;/name&gt;<br>       &lt;url&gt;https://repo.spring.io/milestone&lt;/url&gt;<br>     &lt;/repository&gt;<br> 问题解决后配置<br>   &lt;repositories&gt;<br>     &lt;repository&gt;<br>       &lt;id&gt;spring-milestones&lt;/id&gt;<br>       &lt;name&gt;Spring Milestones&lt;/name&gt;<br>       &lt;url&gt;https://repo.spring.io/milestone&lt;/url&gt;<br>     &lt;/repository&gt;<br>     &lt;repository&gt;<br>       &lt;id&gt;repository.springframework.maven.release&lt;/id&gt;<br>       &lt;name&gt;Spring Framework Maven Release Repository&lt;/name&gt;<br>       &lt;url&gt;http://maven.springframework.org/milestone/&lt;/url&gt;<br>     &lt;/repository&gt;<br>     &lt;repository&gt;<br>       &lt;id&gt;org.springframework&lt;/id&gt;<br>       &lt;url&gt; http://maven.springframework.org/snapshot&lt;/url&gt;<br>     &lt;/repository&gt;<br>     &lt;repository&gt;<br>       &lt;id&gt;spring-milestone&lt;/id&gt;<br>       &lt;name&gt;Spring Maven MILESTONE Repository&lt;/name&gt;<br>       &lt;url&gt;http://repo.spring.io/libs-milestone&lt;/url&gt;<br>     &lt;/repository&gt;<br>     &lt;repository&gt;<br>       &lt;id&gt;spring-release&lt;/id&gt;<br>       &lt;name&gt;Spring Maven RELEASE Repository&lt;/name&gt;<br>       &lt;url&gt;http://repo.spring.io/libs-release&lt;/url&gt;<br>     &lt;/repository&gt;<br>   &lt;/repositories&gt;   <br>     <br> 问题二:mvn install 时报错<br> [INFO] ------------------------------------------------------------------------<br> [ERROR] Failed to execute goal org.apache.maven.plugins:maven-surefire-plugin:2.22.1:test (default-test) on project eurakeserver: There are test failures.<br> [ERROR]<br> [ERROR] Please refer to E:\demo\demo\eurakeserver\target\surefire-reports for th<br> e individual test results.<br> [ERROR] Please refer to dump files (if any exist) [date].dump, [date]-jvmRun[N].<br> dump and [date].dumpstream.<br> [ERROR] There was an error in the forked process<br> [ERROR] org/springframework/test/context/junit4/SpringRunner : Unsupported major .minor version 52.0<br> [ERROR] org.apache.maven.surefire.booter.SurefireBooterForkException: There was<br> an error in the forked process<br> [ERROR] org/springframework/test/context/junit4/SpringRunner : Unsupported major<br> .minor version 52.0<br> [ERROR]         at org.apache.maven.plugin.surefire.booterclient.ForkStarter.for<br> k(ForkStarter.java:656)<br> [ERROR]         at org.apache.maven.plugin.surefire.booterclient.ForkStarter.run<br> (ForkStarter.java:282)<br> [ERROR]         at org.apache.maven.plugin.surefire.booterclient.ForkStarter.run<br> (ForkStarter.java:245)<br> [ERROR]         at org.apache.maven.plugin.surefire.AbstractSurefireMojo.execute<br> Provider(AbstractSurefireMojo.java:1183)<br> [ERROR]         at org.apache.maven.plugin.surefire.AbstractSurefireMojo.execute<br> AfterPreconditionsChecked(AbstractSurefireMojo.java:1011)<br> [ERROR]         at org.apache.maven.plugin.surefire.AbstractSurefireMojo.execute<br> (AbstractSurefireMojo.java:857)<br> [ERROR]         at org.apache.maven.plugin.DefaultBuildPluginManager.executeMojo<br> (DefaultBuildPluginManager.java:137)<br> [ERROR]         at org.apache.maven.lifecycle.internal.MojoExecutor.execute(Mojo<br> Executor.java:208)<br> [ERROR]         at org.apache.maven.lifecycle.internal.MojoExecutor.execute(Mojo<br> Executor.java:154)<br> [ERROR]         at org.apache.maven.lifecycle.internal.MojoExecutor.execute(Mojo<br> Executor.java:146)<br> [ERROR]         at org.apache.maven.lifecycle.internal.LifecycleModuleBuilder.bu<br> ildProject(LifecycleModuleBuilder.java:117)<br> [ERROR]         at org.apache.maven.lifecycle.internal.LifecycleModuleBuilder.bu<br> ildProject(LifecycleModuleBuilder.java:81)<br> [ERROR]         at org.apache.maven.lifecycle.internal.builder.singlethreaded.Si<br> ngleThreadedBuilder.build(SingleThreadedBuilder.java:56)<br> [ERROR]         at org.apache.maven.lifecycle.internal.LifecycleStarter.execute(<br> LifecycleStarter.java:128)<br> [ERROR]         at org.apache.maven.DefaultMaven.doExecute(DefaultMaven.java:305<br> )<br> [ERROR]         at org.apache.maven.DefaultMaven.doExecute(DefaultMaven.java:192<br> )<br> [ERROR]         at org.apache.maven.DefaultMaven.execute(DefaultMaven.java:105)<br> [ERROR]         at org.apache.maven.cli.MavenCli.execute(MavenCli.java:954)<br> [ERROR]         at org.apache.maven.cli.MavenCli.doMain(MavenCli.java:288)<br> [ERROR]         at org.apache.maven.cli.MavenCli.main(MavenCli.java:192)<br> [ERROR]         at sun.reflect.NativeMethodAccessorImpl.invoke0(Native Method)<br> [ERROR]         at sun.reflect.NativeMethodAccessorImpl.invoke(NativeMethodAcces<br> sorImpl.java:57)<br> [ERROR]         at sun.reflect.DelegatingMethodAccessorImpl.invoke(DelegatingMet<br> hodAccessorImpl.java:43)<br> [ERROR]         at java.lang.reflect.Method.invoke(Method.java:606)<br> [ERROR]         at org.codehaus.plexus.classworlds.launcher.Launcher.launchEnhan<br> ced(Launcher.java:289)<br> [ERROR]         at org.codehaus.plexus.classworlds.launcher.Launcher.launch(Laun<br> cher.java:229)<br> [ERROR]         at org.codehaus.plexus.classworlds.launcher.Launcher.mainWithExi<br> tCode(Launcher.java:415)<br> [ERROR]         at org.codehaus.plexus.classworlds.launcher.Launcher.main(Launch<br> er.java:356)<br> [ERROR]<br> [ERROR] -&gt; [Help 1]<br> [ERROR]<br> [ERROR] To see the full stack trace of the errors, re-run Maven with the -e swit<br> ch.<br> [ERROR] Re-run Maven using the -X switch to enable full debug logging.<br> [ERROR]<br> [ERROR] For more information about the errors and possible solutions, please rea<br> d the following articles:<br> [ERROR] [Help 1] http://cwiki.apache.org/confluence/display/MAVEN/MojoExecutionE<br> xception</p> 
<p>参考网址:<br> https://www.cnblogs.com/pangxiansheng/p/5426905.html<br> 通过java -version,javac -versions 查看,发现编译版本是1.8,执行版本是1.7,通过修改java_home参数后,重新查看版本,重新执行mvn install命令,问题解决</p> 
<p><br> 问题三:在IDEA中的MAVEN project窗口中,<br> org.springframework.boot:spring-boot-maven-plugin:2.1.1.RELEASE  红色显示 <br> 参考网址https://blog.csdn.net/qq_17231297/article/details/79815964<br> 是由于使用最新版本的plugin2.1.1,而IDEA暂时不支持,改用版本较低的2.0.5版本,问题解决<br>         &lt;groupId&gt;org.springframework.boot&lt;/groupId&gt;<br>         &lt;artifactId&gt;spring-boot-maven-plugin&lt;/artifactId&gt;<br>         &lt;version&gt;2.0.5.RELEASE&lt;/version&gt;<br>         <br> 问题四:mvn install时报错:<br> [ERROR] Failed to execute goal org.springframework.boot:spring-boot-maven-plugin:1.5.3.RELEASE:repackage (default) on project demo-api: Execution default of goal org.springframework.boot:spring-boot-maven-plugin:1.5.3.RELEASE:repackage failed: Unable to find main class -&gt; [Help 1]<br> [ERROR] <br> [ERROR] To see the full stack trace of the errors, re-run Maven with the -e switch.<br> [ERROR] Re-run Maven using the -X switch to enable full debug logging.<br> [ERROR] <br> [ERROR] For more information about the errors and possible solutions, please read the following articles:<br> [ERROR] [Help 1] http://cwiki.apache.org/confluence/display/MAVEN/PluginExecutionException</p> 
<p>Unable to find main class 表明了缺省main函数，通过查找，发现在test/java/*/AaaTests.java要测试的同级test/java/*/Aaa.java文件缺失，补全后问题解决</p> 
<p>问题五，一个工程执行mvn compile时报错，这个工程依赖于别的工程，依赖的工程通过mvn install打包完成，但是编译时仍然无法找到文件<br> [ERROR] Failed to execute goal org.apache.maven.plugins:maven-compiler-plugin:3.1:compile (default-compile) on project demo-service: Compilation failure: Compilation failure: <br> [ERROR] /E:/demo/demo/demo-service/src/main/java/com/haiercash/dfp/demo/service/impl/DemoServiceImpl.java:[15,38] 程序包com.haiercash.dfp.demo.manager不存在<br> [ERROR] /E:/demo/demo/demo-service/src/main/java/com/haiercash/dfp/demo/service/impl/DemoServiceImpl.java:[22,34] 程序包com.haiercash.dfp.demo.dao不存在<br> [ERROR] /E:/demo/demo/demo-service/src/main/java/com/haiercash/dfp/demo/service/impl/DemoServiceImpl.java:[23,36] 程序包com.haiercash.dfp.demo.model不存在<br> [ERROR] /E:/demo/demo/demo-service/src/main/java/com/haiercash/dfp/demo/service/impl/DemoServiceImpl.java:[39,5] 找不到符号<br> [ERROR]   符号:   类 DemoDao<br> [ERROR]   位置: 类 com.haiercash.dfp.demo.service.impl.DemoServiceImpl<br> [ERROR] /E:/demo/demo/demo-service/src/main/java/com/haiercash/dfp/demo/service/impl/DemoServiceImpl.java:[42,5] 找不到符号<br> [ERROR]   符号:   类 DemoManager<br> [ERROR]   位置: 类 com.haiercash.dfp.demo.service.impl.DemoServiceImpl<br> [ERROR] /E:/demo/demo/demo-service/src/main/java/com/haiercash/dfp/demo/service/impl/DemoServiceImpl.java:[50,9] 找不到符号<br> [ERROR]   符号:   类 TDemo<br> [ERROR]   位置: 类 com.haiercash.dfp.demo.service.impl.DemoServiceImpl<br> [ERROR] -&gt; [Help 1]<br> [ERROR] <br> [ERROR] To see the full stack trace of the errors, re-run Maven with the -e switch.<br> [ERROR] Re-run Maven using the -X switch to enable full debug logging.<br> [ERROR] <br> [ERROR] For more information about the errors and possible solutions, please read the following articles:<br> [ERROR] [Help 1] http://cwiki.apache.org/confluence/display/MAVEN/MojoFailureException<br> 参考文章 https://hbxflihua.iteye.com/blog/2431537  后意识到普通jar文件被可执行的jar文件覆盖，在被依赖工程文件pom.xml的配置<br>             &lt;groupId&gt;org.springframework.boot&lt;/groupId&gt;  <br>             &lt;artifactId&gt;spring-boot-maven-plugin&lt;/artifactId&gt; <br> 后添加<br>             &lt;configuration&gt;  <br>                 &lt;classifier&gt;exec&lt;/classifier&gt;  <br>             &lt;/configuration&gt; <br> 后重新编译并重新安装，问题解决。</p> 
<p><br> 问题六：在IDEA环境中启动Service服务，出现以下错误<br> 2018-12-28 14:18:49.519  WARN 28472 --- [           main] s.c.a.AnnotationConfigApplicationContext : Exception encountered during context initialization - cancelling refresh attempt: org.springframework.beans.factory.UnsatisfiedDependencyException: Error creating bean with name 'encryptionBootstrapConfiguration': Unsatisfied dependency expressed through field 'key'; nested exception is org.springframework.beans.factory.BeanCreationException: Error creating bean with name 'encrypt-org.springframework.cloud.bootstrap.encrypt.KeyProperties': Initialization of bean failed; nested exception is java.lang.NoClassDefFoundError: javax/validation/ParameterNameProvider<br> 2018-12-28 14:18:49.529  INFO 28472 --- [           main] utoConfigurationReportLoggingInitializer : </p> 
<p>Error starting ApplicationContext. To display the auto-configuration report re-run your application with 'debug' enabled.<br> 2018-12-28 14:18:49.547 ERROR 28472 --- [           main] o.s.boot.SpringApplication               : Application startup failed</p> 
<p>org.springframework.beans.factory.UnsatisfiedDependencyException: Error creating bean with name 'encryptionBootstrapConfiguration': Unsatisfied dependency expressed through field 'key'; nested exception is org.springframework.beans.factory.BeanCreationException: Error creating bean with name 'encrypt-org.springframework.cloud.bootstrap.encrypt.KeyProperties': Initialization of bean failed; nested exception is java.lang.NoClassDefFoundError: javax/validation/ParameterNameProvider<br>     at org.springframework.beans.factory.annotation.AutowiredAnnotationBeanPostProcessor$AutowiredFieldElement.inject(AutowiredAnnotationBeanPostProcessor.java:588) ~[spring-beans-4.3.8.RELEASE.jar:4.3.8.RELEASE]<br>     at org.springframework.beans.factory.annotation.InjectionMetadata.inject(InjectionMetadata.java:88) ~[spring-beans-4.3.8.RELEASE.jar:4.3.8.RELEASE]<br>     at org.springframework.beans.factory.annotation.AutowiredAnnotationBeanPostProcessor.postProcessPropertyValues(AutowiredAnnotationBeanPostProcessor.java:366) ~[spring-beans-4.3.8.RELEASE.jar:4.3.8.RELEASE]<br>     at org.springframework.beans.factory.support.AbstractAutowireCapableBeanFactory.populateBean(AbstractAutowireCapableBeanFactory.java:1264) ~[spring-beans-4.3.8.RELEASE.jar:4.3.8.RELEASE]<br>     at org.springframework.beans.factory.support.AbstractAutowireCapableBeanFactory.doCreateBean(AbstractAutowireCapableBeanFactory.java:553) ~[spring-beans-4.3.8.RELEASE.jar:4.3.8.RELEASE]<br>     at org.springframework.beans.factory.support.AbstractAutowireCapableBeanFactory.createBean(AbstractAutowireCapableBeanFactory.java:483) ~[spring-beans-4.3.8.RELEASE.jar:4.3.8.RELEASE]<br>     at org.springframework.beans.factory.support.AbstractBeanFactory$1.getObject(AbstractBeanFactory.java:306) ~[spring-beans-4.3.8.RELEASE.jar:4.3.8.RELEASE]<br>     at org.springframework.beans.factory.support.DefaultSingletonBeanRegistry.getSingleton(DefaultSingletonBeanRegistry.java:230) ~[spring-beans-4.3.8.RELEASE.jar:4.3.8.RELEASE]<br>     at org.springframework.beans.factory.support.AbstractBeanFactory.doGetBean(AbstractBeanFactory.java:302) ~[spring-beans-4.3.8.RELEASE.jar:4.3.8.RELEASE]<br>     at org.springframework.beans.factory.support.AbstractBeanFactory.getBean(AbstractBeanFactory.java:197) ~[spring-beans-4.3.8.RELEASE.jar:4.3.8.RELEASE]<br>     at org.springframework.beans.factory.support.DefaultListableBeanFactory.preInstantiateSingletons(DefaultListableBeanFactory.java:761) ~[spring-beans-4.3.8.RELEASE.jar:4.3.8.RELEASE]<br>     at org.springframework.context.support.AbstractApplicationContext.finishBeanFactoryInitialization(AbstractApplicationContext.java:866) ~[spring-context-4.3.8.RELEASE.jar:4.3.8.RELEASE]<br>     at org.springframework.context.support.AbstractApplicationContext.refresh(AbstractApplicationContext.java:542) ~[spring-context-4.3.8.RELEASE.jar:4.3.8.RELEASE]<br>     at org.springframework.boot.SpringApplication.refresh(SpringApplication.java:737) [spring-boot-1.5.3.RELEASE.jar:1.5.3.RELEASE]<br>     at org.springframework.boot.SpringApplication.refreshContext(SpringApplication.java:370) [spring-boot-1.5.3.RELEASE.jar:1.5.3.RELEASE]<br>     at org.springframework.boot.SpringApplication.run(SpringApplication.java:314) [spring-boot-1.5.3.RELEASE.jar:1.5.3.RELEASE]<br>     at org.springframework.boot.builder.SpringApplicationBuilder.run(SpringApplicationBuilder.java:134) [spring-boot-1.5.3.RELEASE.jar:1.5.3.RELEASE]<br>     at org.springframework.cloud.bootstrap.BootstrapApplicationListener.bootstrapServiceContext(BootstrapApplicationListener.java:175) [spring-cloud-context-1.2.0.RELEASE.jar:1.2.0.RELEASE]<br>     at org.springframework.cloud.bootstrap.BootstrapApplicationListener.onApplicationEvent(BootstrapApplicationListener.java:98) [spring-cloud-context-1.2.0.RELEASE.jar:1.2.0.RELEASE]<br>     at org.springframework.cloud.bootstrap.BootstrapApplicationListener.onApplicationEvent(BootstrapApplicationListener.java:64) [spring-cloud-context-1.2.0.RELEASE.jar:1.2.0.RELEASE]<br>     at org.springframework.context.event.SimpleApplicationEventMulticaster.invokeListener(SimpleApplicationEventMulticaster.java:167) [spring-context-4.3.8.RELEASE.jar:4.3.8.RELEASE]<br>     at org.springframework.context.event.SimpleApplicationEventMulticaster.multicastEvent(SimpleApplicationEventMulticaster.java:139) [spring-context-4.3.8.RELEASE.jar:4.3.8.RELEASE]<br>     at org.springframework.context.event.SimpleApplicationEventMulticaster.multicastEvent(SimpleApplicationEventMulticaster.java:122) [spring-context-4.3.8.RELEASE.jar:4.3.8.RELEASE]<br>     at org.springframework.boot.context.event.EventPublishingRunListener.environmentPrepared(EventPublishingRunListener.java:73) [spring-boot-1.5.3.RELEASE.jar:1.5.3.RELEASE]<br>     at org.springframework.boot.SpringApplicationRunListeners.environmentPrepared(SpringApplicationRunListeners.java:54) [spring-boot-1.5.3.RELEASE.jar:1.5.3.RELEASE]<br>     at org.springframework.boot.SpringApplication.prepareEnvironment(SpringApplication.java:336) [spring-boot-1.5.3.RELEASE.jar:1.5.3.RELEASE]<br>     at org.springframework.boot.SpringApplication.run(SpringApplication.java:307) [spring-boot-1.5.3.RELEASE.jar:1.5.3.RELEASE]<br>     at org.springframework.boot.test.context.SpringBootContextLoader.loadContext(SpringBootContextLoader.java:120) [spring-boot-test-1.5.3.RELEASE.jar:1.5.3.RELEASE]<br>     at org.springframework.test.context.cache.DefaultCacheAwareContextLoaderDelegate.loadContextInternal(DefaultCacheAwareContextLoaderDelegate.java:98) [spring-test-4.3.8.RELEASE.jar:4.3.8.RELEASE]<br>     at org.springframework.test.context.cache.DefaultCacheAwareContextLoaderDelegate.loadContext(DefaultCacheAwareContextLoaderDelegate.java:116) [spring-test-4.3.8.RELEASE.jar:4.3.8.RELEASE]<br>     at org.springframework.test.context.support.DefaultTestContext.getApplicationContext(DefaultTestContext.java:83) [spring-test-4.3.8.RELEASE.jar:4.3.8.RELEASE]<br>     at org.springframework.test.context.web.ServletTestExecutionListener.setUpRequestContextIfNecessary(ServletTestExecutionListener.java:189) [spring-test-4.3.8.RELEASE.jar:4.3.8.RELEASE]<br>     at org.springframework.test.context.web.ServletTestExecutionListener.prepareTestInstance(ServletTestExecutionListener.java:131) [spring-test-4.3.8.RELEASE.jar:4.3.8.RELEASE]<br>     at org.springframework.test.context.TestContextManager.prepareTestInstance(TestContextManager.java:230) [spring-test-4.3.8.RELEASE.jar:4.3.8.RELEASE]<br>     at org.springframework.test.context.junit4.SpringJUnit4ClassRunner.createTest(SpringJUnit4ClassRunner.java:228) [spring-test-4.3.8.RELEASE.jar:4.3.8.RELEASE]<br>     at org.springframework.test.context.junit4.SpringJUnit4ClassRunner$1.runReflectiveCall(SpringJUnit4ClassRunner.java:287) [spring-test-4.3.8.RELEASE.jar:4.3.8.RELEASE]<br>     at org.junit.internal.runners.model.ReflectiveCallable.run(ReflectiveCallable.java:12) [junit-4.12.jar:4.12]<br>     at org.springframework.test.context.junit4.SpringJUnit4ClassRunner.methodBlock(SpringJUnit4ClassRunner.java:289) [spring-test-4.3.8.RELEASE.jar:4.3.8.RELEASE]<br>     at org.springframework.test.context.junit4.SpringJUnit4ClassRunner.runChild(SpringJUnit4ClassRunner.java:247) [spring-test-4.3.8.RELEASE.jar:4.3.8.RELEASE]<br>     at org.springframework.test.context.junit4.SpringJUnit4ClassRunner.runChild(SpringJUnit4ClassRunner.java:94) [spring-test-4.3.8.RELEASE.jar:4.3.8.RELEASE]<br>     at org.junit.runners.ParentRunner$3.run(ParentRunner.java:290) [junit-4.12.jar:4.12]<br>     at org.junit.runners.ParentRunner$1.schedule(ParentRunner.java:71) [junit-4.12.jar:4.12]<br>     at org.junit.runners.ParentRunner.runChildren(ParentRunner.java:288) [junit-4.12.jar:4.12]<br>     at org.junit.runners.ParentRunner.access$000(ParentRunner.java:58) [junit-4.12.jar:4.12]<br>     at org.junit.runners.ParentRunner$2.evaluate(ParentRunner.java:268) [junit-4.12.jar:4.12]<br>     at org.springframework.test.context.junit4.statements.RunBeforeTestClassCallbacks.evaluate(RunBeforeTestClassCallbacks.java:61) [spring-test-4.3.8.RELEASE.jar:4.3.8.RELEASE]<br>     at org.springframework.test.context.junit4.statements.RunAfterTestClassCallbacks.evaluate(RunAfterTestClassCallbacks.java:70) [spring-test-4.3.8.RELEASE.jar:4.3.8.RELEASE]<br>     at org.junit.runners.ParentRunner.run(ParentRunner.java:363) [junit-4.12.jar:4.12]<br>     at org.springframework.test.context.junit4.SpringJUnit4ClassRunner.run(SpringJUnit4ClassRunner.java:191) [spring-test-4.3.8.RELEASE.jar:4.3.8.RELEASE]<br>     at org.apache.maven.surefire.junit4.JUnit4Provider.execute(JUnit4Provider.java:283) [surefire-junit4-2.18.1.jar:2.18.1]<br>     at org.apache.maven.surefire.junit4.JUnit4Provider.executeWithRerun(JUnit4Provider.java:173) [surefire-junit4-2.18.1.jar:2.18.1]<br>     at org.apache.maven.surefire.junit4.JUnit4Provider.executeTestSet(JUnit4Provider.java:153) [surefire-junit4-2.18.1.jar:2.18.1]<br>     at org.apache.maven.surefire.junit4.JUnit4Provider.invoke(JUnit4Provider.java:128) [surefire-junit4-2.18.1.jar:2.18.1]<br>     at org.apache.maven.surefire.booter.ForkedBooter.invokeProviderInSameClassLoader(ForkedBooter.java:203) [surefire-booter-2.18.1.jar:2.18.1]<br>     at org.apache.maven.surefire.booter.ForkedBooter.runSuitesInProcess(ForkedBooter.java:155) [surefire-booter-2.18.1.jar:2.18.1]<br>     at org.apache.maven.surefire.booter.ForkedBooter.main(ForkedBooter.java:103) [surefire-booter-2.18.1.jar:2.18.1]<br> Caused by: org.springframework.beans.factory.BeanCreationException: Error creating bean with name 'encrypt-org.springframework.cloud.bootstrap.encrypt.KeyProperties': Initialization of bean failed; nested exception is java.lang.NoClassDefFoundError: javax/validation/ParameterNameProvider<br>     at org.springframework.beans.factory.support.AbstractAutowireCapableBeanFactory.doCreateBean(AbstractAutowireCapableBeanFactory.java:564) ~[spring-beans-4.3.8.RELEASE.jar:4.3.8.RELEASE]<br>     at org.springframework.beans.factory.support.AbstractAutowireCapableBeanFactory.createBean(AbstractAutowireCapableBeanFactory.java:483) ~[spring-beans-4.3.8.RELEASE.jar:4.3.8.RELEASE]<br>     at org.springframework.beans.factory.support.AbstractBeanFactory$1.getObject(AbstractBeanFactory.java:306) ~[spring-beans-4.3.8.RELEASE.jar:4.3.8.RELEASE]<br>     at org.springframework.beans.factory.support.DefaultSingletonBeanRegistry.getSingleton(DefaultSingletonBeanRegistry.java:230) ~[spring-beans-4.3.8.RELEASE.jar:4.3.8.RELEASE]<br>     at org.springframework.beans.factory.support.AbstractBeanFactory.doGetBean(AbstractBeanFactory.java:302) ~[spring-beans-4.3.8.RELEASE.jar:4.3.8.RELEASE]<br>     at org.springframework.beans.factory.support.AbstractBeanFactory.getBean(AbstractBeanFactory.java:202) ~[spring-beans-4.3.8.RELEASE.jar:4.3.8.RELEASE]<br>     at org.springframework.beans.factory.config.DependencyDescriptor.resolveCandidate(DependencyDescriptor.java:208) ~[spring-beans-4.3.8.RELEASE.jar:4.3.8.RELEASE]<br>     at org.springframework.beans.factory.support.DefaultListableBeanFactory.doResolveDependency(DefaultListableBeanFactory.java:1138) ~[spring-beans-4.3.8.RELEASE.jar:4.3.8.RELEASE]<br>     at org.springframework.beans.factory.support.DefaultListableBeanFactory.resolveDependency(DefaultListableBeanFactory.java:1066) ~[spring-beans-4.3.8.RELEASE.jar:4.3.8.RELEASE]<br>     at org.springframework.beans.factory.annotation.AutowiredAnnotationBeanPostProcessor$AutowiredFieldElement.inject(AutowiredAnnotationBeanPostProcessor.java:585) ~[spring-beans-4.3.8.RELEASE.jar:4.3.8.RELEASE]<br>     ... 55 common frames omitted<br> Caused by: java.lang.NoClassDefFoundError: javax/validation/ParameterNameProvider<br>     at org.hibernate.validator.HibernateValidator.createGenericConfiguration(HibernateValidator.java:33) ~[hibernate-validator-5.3.5.Final.jar:5.3.5.Final]<br>     at javax.validation.Validation$GenericBootstrapImpl.configure(Validation.java:269) ~[validation-api-1.0.0.GA.jar:na]<br>     at org.springframework.boot.validation.MessageInterpolatorFactory.getObject(MessageInterpolatorFactory.java:53) ~[spring-boot-1.5.3.RELEASE.jar:1.5.3.RELEASE]<br>     at org.springframework.boot.context.properties.ConfigurationPropertiesBindingPostProcessor$ValidatedLocalValidatorFactoryBean.&lt;init&gt;(ConfigurationPropertiesBindingPostProcessor.java:411) ~[spring-boot-1.5.3.RELEASE.jar:1.5.3.RELEASE]<br>     at org.springframework.boot.context.properties.ConfigurationPropertiesBindingPostProcessor.getValidator(ConfigurationPropertiesBindingPostProcessor.java:368) ~[spring-boot-1.5.3.RELEASE.jar:1.5.3.RELEASE]<br>     at org.springframework.boot.context.properties.ConfigurationPropertiesBindingPostProcessor.determineValidator(ConfigurationPropertiesBindingPostProcessor.java:352) ~[spring-boot-1.5.3.RELEASE.jar:1.5.3.RELEASE]<br>     at org.springframework.boot.context.properties.ConfigurationPropertiesBindingPostProcessor.postProcessBeforeInitialization(ConfigurationPropertiesBindingPostProcessor.java:314) ~[spring-boot-1.5.3.RELEASE.jar:1.5.3.RELEASE]<br>     at org.springframework.boot.context.properties.ConfigurationPropertiesBindingPostProcessor.postProcessBeforeInitialization(ConfigurationPropertiesBindingPostProcessor.java:291) ~[spring-boot-1.5.3.RELEASE.jar:1.5.3.RELEASE]<br>     at org.springframework.beans.factory.support.AbstractAutowireCapableBeanFactory.applyBeanPostProcessorsBeforeInitialization(AbstractAutowireCapableBeanFactory.java:409) ~[spring-beans-4.3.8.RELEASE.jar:4.3.8.RELEASE]<br>     at org.springframework.beans.factory.support.AbstractAutowireCapableBeanFactory.initializeBean(AbstractAutowireCapableBeanFactory.java:1620) ~[spring-beans-4.3.8.RELEASE.jar:4.3.8.RELEASE]<br>     at org.springframework.beans.factory.support.AbstractAutowireCapableBeanFactory.doCreateBean(AbstractAutowireCapableBeanFactory.java:555) ~[spring-beans-4.3.8.RELEASE.jar:4.3.8.RELEASE]<br>     ... 64 common frames omitted<br> Caused by: java.lang.ClassNotFoundException: javax.validation.ParameterNameProvider<br>     at java.net.URLClassLoader.findClass(URLClassLoader.java:381) ~[na:1.8.0_171]<br>     at java.lang.ClassLoader.loadClass(ClassLoader.java:424) ~[na:1.8.0_171]<br>     at sun.misc.Launcher$AppClassLoader.loadClass(Launcher.java:349) ~[na:1.8.0_171]<br>     at java.lang.ClassLoader.loadClass(ClassLoader.java:357) ~[na:1.8.0_171]<br>     ... 75 common frames omitted</p> 
<p>2018-12-28 14:18:49.552 ERROR 28472 --- [           main] o.s.boot.SpringApplication               : Application startup failed</p> 
<p>参考文件https://www.cnblogs.com/or2-/p/3519111.html，javax.validation替换为新版本，问题解决。<br> &lt;dependency&gt;<br>       &lt;groupId&gt;javax.validation&lt;/groupId&gt;<br>       &lt;artifactId&gt;validation-api&lt;/artifactId&gt;<br>       &lt;version&gt;1.0.0.GA&lt;/version&gt;<br>     &lt;/dependency&gt;<br> 替换为<br>     &lt;dependency&gt;<br>       &lt;groupId&gt;javax.validation&lt;/groupId&gt;<br>       &lt;artifactId&gt;validation-api&lt;/artifactId&gt;<br>       &lt;version&gt;1.1.0.Final&lt;/version&gt;<br>     &lt;/dependency&gt;<br>     </p> 
<p>问题七：service服务启动时，报错如下</p> 
<p>***************************<br> APPLICATION FAILED TO START<br> ***************************</p> 
<p>Description:</p> 
<p>Field demoManager in com.haiercash.dfp.demo.service.impl.DemoServiceImpl required a bean of type 'com.haiercash.dfp.demo.manager.DemoManager' that could not be found.</p> 
<p><br> Action:</p> 
<p>Consider defining a bean of type 'com.haiercash.dfp.demo.manager.DemoManager' in your configuration.</p> 
<p>2018-12-28 15:38:50.510 ERROR 28192 --- [           main] o.s.test.context.TestContextManager      : Caught exception while allowing TestExecutionListener [org.springframework.test.context.web.ServletTestExecutionListener@3d299e3] to prepare test instance [com.haiercash.dfp.demo.DemoServiceApplicationTests@504e1599]</p> 
<p>java.lang.IllegalStateException: Failed to load ApplicationContext<br>     at org.springframework.test.context.cache.DefaultCacheAwareContextLoaderDelegate.loadContext(DefaultCacheAwareContextLoaderDelegate.java:124) ~[spring-test-4.3.8.RELEASE.jar:4.3.8.RELEASE]<br>     at org.springframework.test.context.support.DefaultTestContext.getApplicationContext(DefaultTestContext.java:83) ~[spring-test-4.3.8.RELEASE.jar:4.3.8.RELEASE]<br>     at org.springframework.test.context.web.ServletTestExecutionListener.setUpRequestContextIfNecessary(ServletTestExecutionListener.java:189) ~[spring-test-4.3.8.RELEASE.jar:4.3.8.RELEASE]<br>     at org.springframework.test.context.web.ServletTestExecutionListener.prepareTestInstance(ServletTestExecutionListener.java:131) ~[spring-test-4.3.8.RELEASE.jar:4.3.8.RELEASE]<br>     at org.springframework.test.context.TestContextManager.prepareTestInstance(TestContextManager.java:230) ~[spring-test-4.3.8.RELEASE.jar:4.3.8.RELEASE]<br>     at org.springframework.test.context.junit4.SpringJUnit4ClassRunner.createTest(SpringJUnit4ClassRunner.java:228) [spring-test-4.3.8.RELEASE.jar:4.3.8.RELEASE]<br>     at org.springframework.test.context.junit4.SpringJUnit4ClassRunner$1.runReflectiveCall(SpringJUnit4ClassRunner.java:287) [spring-test-4.3.8.RELEASE.jar:4.3.8.RELEASE]<br>     at org.junit.internal.runners.model.ReflectiveCallable.run(ReflectiveCallable.java:12) [junit-4.12.jar:4.12]<br>     at org.springframework.test.context.junit4.SpringJUnit4ClassRunner.methodBlock(SpringJUnit4ClassRunner.java:289) [spring-test-4.3.8.RELEASE.jar:4.3.8.RELEASE]<br>     at org.springframework.test.context.junit4.SpringJUnit4ClassRunner.runChild(SpringJUnit4ClassRunner.java:247) [spring-test-4.3.8.RELEASE.jar:4.3.8.RELEASE]<br>     at org.springframework.test.context.junit4.SpringJUnit4ClassRunner.runChild(SpringJUnit4ClassRunner.java:94) [spring-test-4.3.8.RELEASE.jar:4.3.8.RELEASE]<br>     at org.junit.runners.ParentRunner$3.run(ParentRunner.java:290) [junit-4.12.jar:4.12]<br>     at org.junit.runners.ParentRunner$1.schedule(ParentRunner.java:71) [junit-4.12.jar:4.12]<br>     at org.junit.runners.ParentRunner.runChildren(ParentRunner.java:288) [junit-4.12.jar:4.12]<br>     at org.junit.runners.ParentRunner.access$000(ParentRunner.java:58) [junit-4.12.jar:4.12]<br>     at org.junit.runners.ParentRunner$2.evaluate(ParentRunner.java:268) [junit-4.12.jar:4.12]<br>     at org.springframework.test.context.junit4.statements.RunBeforeTestClassCallbacks.evaluate(RunBeforeTestClassCallbacks.java:61) [spring-test-4.3.8.RELEASE.jar:4.3.8.RELEASE]<br>     at org.springframework.test.context.junit4.statements.RunAfterTestClassCallbacks.evaluate(RunAfterTestClassCallbacks.java:70) [spring-test-4.3.8.RELEASE.jar:4.3.8.RELEASE]<br>     at org.junit.runners.ParentRunner.run(ParentRunner.java:363) [junit-4.12.jar:4.12]<br>     at org.springframework.test.context.junit4.SpringJUnit4ClassRunner.run(SpringJUnit4ClassRunner.java:191) [spring-test-4.3.8.RELEASE.jar:4.3.8.RELEASE]<br>     at org.apache.maven.surefire.junit4.JUnit4Provider.execute(JUnit4Provider.java:283) [surefire-junit4-2.18.1.jar:2.18.1]<br>     at org.apache.maven.surefire.junit4.JUnit4Provider.executeWithRerun(JUnit4Provider.java:173) [surefire-junit4-2.18.1.jar:2.18.1]<br>     at org.apache.maven.surefire.junit4.JUnit4Provider.executeTestSet(JUnit4Provider.java:153) [surefire-junit4-2.18.1.jar:2.18.1]<br>     at org.apache.maven.surefire.junit4.JUnit4Provider.invoke(JUnit4Provider.java:128) [surefire-junit4-2.18.1.jar:2.18.1]<br>     at org.apache.maven.surefire.booter.ForkedBooter.invokeProviderInSameClassLoader(ForkedBooter.java:203) [surefire-booter-2.18.1.jar:2.18.1]<br>     at org.apache.maven.surefire.booter.ForkedBooter.runSuitesInProcess(ForkedBooter.java:155) [surefire-booter-2.18.1.jar:2.18.1]<br>     at org.apache.maven.surefire.booter.ForkedBooter.main(ForkedBooter.java:103) [surefire-booter-2.18.1.jar:2.18.1]<br> Caused by: org.springframework.beans.factory.UnsatisfiedDependencyException: Error creating bean with name 'demoService': Unsatisfied dependency expressed through field 'demoManager'; nested exception is org.springframework.beans.factory.NoSuchBeanDefinitionException: No qualifying bean of type 'com.haiercash.dfp.demo.manager.DemoManager' available: expected at least 1 bean which qualifies as autowire candidate. Dependency annotations: {@org.springframework.beans.factory.annotation.Autowired(required=true)}<br>     at org.springframework.beans.factory.annotation.AutowiredAnnotationBeanPostProcessor$AutowiredFieldElement.inject(AutowiredAnnotationBeanPostProcessor.java:588) ~[spring-beans-4.3.8.RELEASE.jar:4.3.8.RELEASE]<br>     at org.springframework.beans.factory.annotation.InjectionMetadata.inject(InjectionMetadata.java:88) ~[spring-beans-4.3.8.RELEASE.jar:4.3.8.RELEASE]<br>     at org.springframework.beans.factory.annotation.AutowiredAnnotationBeanPostProcessor.postProcessPropertyValues(AutowiredAnnotationBeanPostProcessor.java:366) ~[spring-beans-4.3.8.RELEASE.jar:4.3.8.RELEASE]<br>     at org.springframework.beans.factory.support.AbstractAutowireCapableBeanFactory.populateBean(AbstractAutowireCapableBeanFactory.java:1264) ~[spring-beans-4.3.8.RELEASE.jar:4.3.8.RELEASE]<br>     at org.springframework.beans.factory.support.AbstractAutowireCapableBeanFactory.doCreateBean(AbstractAutowireCapableBeanFactory.java:553) ~[spring-beans-4.3.8.RELEASE.jar:4.3.8.RELEASE]<br>     at org.springframework.beans.factory.support.AbstractAutowireCapableBeanFactory.createBean(AbstractAutowireCapableBeanFactory.java:483) ~[spring-beans-4.3.8.RELEASE.jar:4.3.8.RELEASE]<br>     at org.springframework.beans.factory.support.AbstractBeanFactory$1.getObject(AbstractBeanFactory.java:306) ~[spring-beans-4.3.8.RELEASE.jar:4.3.8.RELEASE]<br>     at org.springframework.beans.factory.support.DefaultSingletonBeanRegistry.getSingleton(DefaultSingletonBeanRegistry.java:230) ~[spring-beans-4.3.8.RELEASE.jar:4.3.8.RELEASE]<br>     at org.springframework.beans.factory.support.AbstractBeanFactory.doGetBean(AbstractBeanFactory.java:302) ~[spring-beans-4.3.8.RELEASE.jar:4.3.8.RELEASE]<br>     at org.springframework.beans.factory.support.AbstractBeanFactory.getBean(AbstractBeanFactory.java:197) ~[spring-beans-4.3.8.RELEASE.jar:4.3.8.RELEASE]<br>     at org.springframework.beans.factory.support.DefaultListableBeanFactory.preInstantiateSingletons(DefaultListableBeanFactory.java:761) ~[spring-beans-4.3.8.RELEASE.jar:4.3.8.RELEASE]<br>     at org.springframework.context.support.AbstractApplicationContext.finishBeanFactoryInitialization(AbstractApplicationContext.java:866) ~[spring-context-4.3.8.RELEASE.jar:4.3.8.RELEASE]<br>     at org.springframework.context.support.AbstractApplicationContext.refresh(AbstractApplicationContext.java:542) ~[spring-context-4.3.8.RELEASE.jar:4.3.8.RELEASE]<br>     at org.springframework.boot.SpringApplication.refresh(SpringApplication.java:737) ~[spring-boot-1.5.3.RELEASE.jar:1.5.3.RELEASE]<br>     at org.springframework.boot.SpringApplication.refreshContext(SpringApplication.java:370) ~[spring-boot-1.5.3.RELEASE.jar:1.5.3.RELEASE]<br>     at org.springframework.boot.SpringApplication.run(SpringApplication.java:314) ~[spring-boot-1.5.3.RELEASE.jar:1.5.3.RELEASE]<br>     at org.springframework.boot.test.context.SpringBootContextLoader.loadContext(SpringBootContextLoader.java:120) ~[spring-boot-test-1.5.3.RELEASE.jar:1.5.3.RELEASE]<br>     at org.springframework.test.context.cache.DefaultCacheAwareContextLoaderDelegate.loadContextInternal(DefaultCacheAwareContextLoaderDelegate.java:98) ~[spring-test-4.3.8.RELEASE.jar:4.3.8.RELEASE]<br>     at org.springframework.test.context.cache.DefaultCacheAwareContextLoaderDelegate.loadContext(DefaultCacheAwareContextLoaderDelegate.java:116) ~[spring-test-4.3.8.RELEASE.jar:4.3.8.RELEASE]<br>     ... 26 common frames omitted<br> Caused by: org.springframework.beans.factory.NoSuchBeanDefinitionException: No qualifying bean of type 'com.haiercash.dfp.demo.manager.DemoManager' available: expected at least 1 bean which qualifies as autowire candidate. Dependency annotations: {@org.springframework.beans.factory.annotation.Autowired(required=true)}<br>     at org.springframework.beans.factory.support.DefaultListableBeanFactory.raiseNoMatchingBeanFound(DefaultListableBeanFactory.java:1486) ~[spring-beans-4.3.8.RELEASE.jar:4.3.8.RELEASE]<br>     at org.springframework.beans.factory.support.DefaultListableBeanFactory.doResolveDependency(DefaultListableBeanFactory.java:1104) ~[spring-beans-4.3.8.RELEASE.jar:4.3.8.RELEASE]<br>     at org.springframework.beans.factory.support.DefaultListableBeanFactory.resolveDependency(DefaultListableBeanFactory.java:1066) ~[spring-beans-4.3.8.RELEASE.jar:4.3.8.RELEASE]<br>     at org.springframework.beans.factory.annotation.AutowiredAnnotationBeanPostProcessor$AutowiredFieldElement.inject(AutowiredAnnotationBeanPostProcessor.java:585) ~[spring-beans-4.3.8.RELEASE.jar:4.3.8.RELEASE]<br>     ... 44 common frames omitted</p> 
<p>Tests run: 1, Failures: 0, Errors: 1, Skipped: 0, Time elapsed: 4.671 sec &lt;&lt;&lt; FAILURE! - in com.haiercash.dfp.demo.DemoServiceApplicationTests<br> contextLoads(com.haiercash.dfp.demo.DemoServiceApplicationTests)  Time elapsed: 0.008 sec  &lt;&lt;&lt; ERROR!<br> java.lang.IllegalStateException: Failed to load ApplicationContext<br>     at org.springframework.test.context.cache.DefaultCacheAwareContextLoaderDelegate.loadContext(DefaultCacheAwareContextLoaderDelegate.java:124)<br>     at org.springframework.test.context.support.DefaultTestContext.getApplicationContext(DefaultTestContext.java:83)<br>     at org.springframework.test.context.web.ServletTestExecutionListener.setUpRequestContextIfNecessary(ServletTestExecutionListener.java:189)<br>     at org.springframework.test.context.web.ServletTestExecutionListener.prepareTestInstance(ServletTestExecutionListener.java:131)<br>     at org.springframework.test.context.TestContextManager.prepareTestInstance(TestContextManager.java:230)<br>     at org.springframework.test.context.junit4.SpringJUnit4ClassRunner.createTest(SpringJUnit4ClassRunner.java:228)<br>     at org.springframework.test.context.junit4.SpringJUnit4ClassRunner$1.runReflectiveCall(SpringJUnit4ClassRunner.java:287)<br>     at org.junit.internal.runners.model.ReflectiveCallable.run(ReflectiveCallable.java:12)<br>     at org.springframework.test.context.junit4.SpringJUnit4ClassRunner.methodBlock(SpringJUnit4ClassRunner.java:289)<br>     at org.springframework.test.context.junit4.SpringJUnit4ClassRunner.runChild(SpringJUnit4ClassRunner.java:247)<br>     at org.springframework.test.context.junit4.SpringJUnit4ClassRunner.runChild(SpringJUnit4ClassRunner.java:94)<br>     at org.junit.runners.ParentRunner$3.run(ParentRunner.java:290)<br>     at org.junit.runners.ParentRunner$1.schedule(ParentRunner.java:71)<br>     at org.junit.runners.ParentRunner.runChildren(ParentRunner.java:288)<br>     at org.junit.runners.ParentRunner.access$000(ParentRunner.java:58)<br>     at org.junit.runners.ParentRunner$2.evaluate(ParentRunner.java:268)<br>     at org.springframework.test.context.junit4.statements.RunBeforeTestClassCallbacks.evaluate(RunBeforeTestClassCallbacks.java:61)<br>     at org.springframework.test.context.junit4.statements.RunAfterTestClassCallbacks.evaluate(RunAfterTestClassCallbacks.java:70)<br>     at org.junit.runners.ParentRunner.run(ParentRunner.java:363)<br>     at org.springframework.test.context.junit4.SpringJUnit4ClassRunner.run(SpringJUnit4ClassRunner.java:191)<br>     at org.apache.maven.surefire.junit4.JUnit4Provider.execute(JUnit4Provider.java:283)<br>     at org.apache.maven.surefire.junit4.JUnit4Provider.executeWithRerun(JUnit4Provider.java:173)<br>     at org.apache.maven.surefire.junit4.JUnit4Provider.executeTestSet(JUnit4Provider.java:153)<br>     at org.apache.maven.surefire.junit4.JUnit4Provider.invoke(JUnit4Provider.java:128)<br>     at org.apache.maven.surefire.booter.ForkedBooter.invokeProviderInSameClassLoader(ForkedBooter.java:203)<br>     at org.apache.maven.surefire.booter.ForkedBooter.runSuitesInProcess(ForkedBooter.java:155)<br>     at org.apache.maven.surefire.booter.ForkedBooter.main(ForkedBooter.java:103)<br> Caused by: org.springframework.beans.factory.UnsatisfiedDependencyException: Error creating bean with name 'demoService': Unsatisfied dependency expressed through field 'demoManager'; nested exception is org.springframework.beans.factory.NoSuchBeanDefinitionException: No qualifying bean of type 'com.haiercash.dfp.demo.manager.DemoManager' available: expected at least 1 bean which qualifies as autowire candidate. Dependency annotations: {@org.springframework.beans.factory.annotation.Autowired(required=true)}<br>     at org.springframework.beans.factory.annotation.AutowiredAnnotationBeanPostProcessor$AutowiredFieldElement.inject(AutowiredAnnotationBeanPostProcessor.java:588)<br>     at org.springframework.beans.factory.annotation.InjectionMetadata.inject(InjectionMetadata.java:88)<br>     at org.springframework.beans.factory.annotation.AutowiredAnnotationBeanPostProcessor.postProcessPropertyValues(AutowiredAnnotationBeanPostProcessor.java:366)<br>     at org.springframework.beans.factory.support.AbstractAutowireCapableBeanFactory.populateBean(AbstractAutowireCapableBeanFactory.java:1264)<br>     at org.springframework.beans.factory.support.AbstractAutowireCapableBeanFactory.doCreateBean(AbstractAutowireCapableBeanFactory.java:553)<br>     at org.springframework.beans.factory.support.AbstractAutowireCapableBeanFactory.createBean(AbstractAutowireCapableBeanFactory.java:483)<br>     at org.springframework.beans.factory.support.AbstractBeanFactory$1.getObject(AbstractBeanFactory.java:306)<br>     at org.springframework.beans.factory.support.DefaultSingletonBeanRegistry.getSingleton(DefaultSingletonBeanRegistry.java:230)<br>     at org.springframework.beans.factory.support.AbstractBeanFactory.doGetBean(AbstractBeanFactory.java:302)<br>     at org.springframework.beans.factory.support.AbstractBeanFactory.getBean(AbstractBeanFactory.java:197)<br>     at org.springframework.beans.factory.support.DefaultListableBeanFactory.preInstantiateSingletons(DefaultListableBeanFactory.java:761)<br>     at org.springframework.context.support.AbstractApplicationContext.finishBeanFactoryInitialization(AbstractApplicationContext.java:866)<br>     at org.springframework.context.support.AbstractApplicationContext.refresh(AbstractApplicationContext.java:542)<br>     at org.springframework.boot.SpringApplication.refresh(SpringApplication.java:737)<br>     at org.springframework.boot.SpringApplication.refreshContext(SpringApplication.java:370)<br>     at org.springframework.boot.SpringApplication.run(SpringApplication.java:314)<br>     at org.springframework.boot.test.context.SpringBootContextLoader.loadContext(SpringBootContextLoader.java:120)<br>     at org.springframework.test.context.cache.DefaultCacheAwareContextLoaderDelegate.loadContextInternal(DefaultCacheAwareContextLoaderDelegate.java:98)<br>     at org.springframework.test.context.cache.DefaultCacheAwareContextLoaderDelegate.loadContext(DefaultCacheAwareContextLoaderDelegate.java:116)<br>     at org.springframework.test.context.support.DefaultTestContext.getApplicationContext(DefaultTestContext.java:83)<br>     at org.springframework.test.context.web.ServletTestExecutionListener.setUpRequestContextIfNecessary(ServletTestExecutionListener.java:189)<br>     at org.springframework.test.context.web.ServletTestExecutionListener.prepareTestInstance(ServletTestExecutionListener.java:131)<br>     at org.springframework.test.context.TestContextManager.prepareTestInstance(TestContextManager.java:230)<br>     at org.springframework.test.context.junit4.SpringJUnit4ClassRunner.createTest(SpringJUnit4ClassRunner.java:228)<br>     at org.springframework.test.context.junit4.SpringJUnit4ClassRunner$1.runReflectiveCall(SpringJUnit4ClassRunner.java:287)<br>     at org.junit.internal.runners.model.ReflectiveCallable.run(ReflectiveCallable.java:12)<br>     at org.springframework.test.context.junit4.SpringJUnit4ClassRunner.methodBlock(SpringJUnit4ClassRunner.java:289)<br>     at org.springframework.test.context.junit4.SpringJUnit4ClassRunner.runChild(SpringJUnit4ClassRunner.java:247)<br>     at org.springframework.test.context.junit4.SpringJUnit4ClassRunner.runChild(SpringJUnit4ClassRunner.java:94)<br>     at org.junit.runners.ParentRunner$3.run(ParentRunner.java:290)<br>     at org.junit.runners.ParentRunner$1.schedule(ParentRunner.java:71)<br>     at org.junit.runners.ParentRunner.runChildren(ParentRunner.java:288)<br>     at org.junit.runners.ParentRunner.access$000(ParentRunner.java:58)<br>     at org.junit.runners.ParentRunner$2.evaluate(ParentRunner.java:268)<br>     at org.springframework.test.context.junit4.statements.RunBeforeTestClassCallbacks.evaluate(RunBeforeTestClassCallbacks.java:61)<br>     at org.springframework.test.context.junit4.statements.RunAfterTestClassCallbacks.evaluate(RunAfterTestClassCallbacks.java:70)<br>     at org.junit.runners.ParentRunner.run(ParentRunner.java:363)<br>     at org.springframework.test.context.junit4.SpringJUnit4ClassRunner.run(SpringJUnit4ClassRunner.java:191)<br>     at org.apache.maven.surefire.junit4.JUnit4Provider.execute(JUnit4Provider.java:283)<br>     at org.apache.maven.surefire.junit4.JUnit4Provider.executeWithRerun(JUnit4Provider.java:173)<br>     at org.apache.maven.surefire.junit4.JUnit4Provider.executeTestSet(JUnit4Provider.java:153)<br>     at org.apache.maven.surefire.junit4.JUnit4Provider.invoke(JUnit4Provider.java:128)<br>     at org.apache.maven.surefire.booter.ForkedBooter.invokeProviderInSameClassLoader(ForkedBooter.java:203)<br>     at org.apache.maven.surefire.booter.ForkedBooter.runSuitesInProcess(ForkedBooter.java:155)<br>     at org.apache.maven.surefire.booter.ForkedBooter.main(ForkedBooter.java:103)<br> Caused by: org.springframework.beans.factory.NoSuchBeanDefinitionException: No qualifying bean of type 'com.haiercash.dfp.demo.manager.DemoManager' available: expected at least 1 bean which qualifies as autowire candidate. Dependency annotations: {@org.springframework.beans.factory.annotation.Autowired(required=true)}<br>     at org.springframework.beans.factory.support.DefaultListableBeanFactory.raiseNoMatchingBeanFound(DefaultListableBeanFactory.java:1486)<br>     at org.springframework.beans.factory.support.DefaultListableBeanFactory.doResolveDependency(DefaultListableBeanFactory.java:1104)<br>     at org.springframework.beans.factory.support.DefaultListableBeanFactory.resolveDependency(DefaultListableBeanFactory.java:1066)<br>     at org.springframework.beans.factory.annotation.AutowiredAnnotationBeanPostProcessor$AutowiredFieldElement.inject(AutowiredAnnotationBeanPostProcessor.java:585)<br>     at org.springframework.beans.factory.annotation.InjectionMetadata.inject(InjectionMetadata.java:88)<br>     at org.springframework.beans.factory.annotation.AutowiredAnnotationBeanPostProcessor.postProcessPropertyValues(AutowiredAnnotationBeanPostProcessor.java:366)<br>     at org.springframework.beans.factory.support.AbstractAutowireCapableBeanFactory.populateBean(AbstractAutowireCapableBeanFactory.java:1264)<br>     at org.springframework.beans.factory.support.AbstractAutowireCapableBeanFactory.doCreateBean(AbstractAutowireCapableBeanFactory.java:553)<br>     at org.springframework.beans.factory.support.AbstractAutowireCapableBeanFactory.createBean(AbstractAutowireCapableBeanFactory.java:483)<br>     at org.springframework.beans.factory.support.AbstractBeanFactory$1.getObject(AbstractBeanFactory.java:306)<br>     at org.springframework.beans.factory.support.DefaultSingletonBeanRegistry.getSingleton(DefaultSingletonBeanRegistry.java:230)<br>     at org.springframework.beans.factory.support.AbstractBeanFactory.doGetBean(AbstractBeanFactory.java:302)<br>     at org.springframework.beans.factory.support.AbstractBeanFactory.getBean(AbstractBeanFactory.java:197)<br>     at org.springframework.beans.factory.support.DefaultListableBeanFactory.preInstantiateSingletons(DefaultListableBeanFactory.java:761)<br>     at org.springframework.context.support.AbstractApplicationContext.finishBeanFactoryInitialization(AbstractApplicationContext.java:866)<br>     at org.springframework.context.support.AbstractApplicationContext.refresh(AbstractApplicationContext.java:542)<br>     at org.springframework.boot.SpringApplication.refresh(SpringApplication.java:737)<br>     at org.springframework.boot.SpringApplication.refreshContext(SpringApplication.java:370)<br>     at org.springframework.boot.SpringApplication.run(SpringApplication.java:314)<br>     at org.springframework.boot.test.context.SpringBootContextLoader.loadContext(SpringBootContextLoader.java:120)<br>     at org.springframework.test.context.cache.DefaultCacheAwareContextLoaderDelegate.loadContextInternal(DefaultCacheAwareContextLoaderDelegate.java:98)<br>     at org.springframework.test.context.cache.DefaultCacheAwareContextLoaderDelegate.loadContext(DefaultCacheAwareContextLoaderDelegate.java:116)<br>     at org.springframework.test.context.support.DefaultTestContext.getApplicationContext(DefaultTestContext.java:83)<br>     at org.springframework.test.context.web.ServletTestExecutionListener.setUpRequestContextIfNecessary(ServletTestExecutionListener.java:189)<br>     at org.springframework.test.context.web.ServletTestExecutionListener.prepareTestInstance(ServletTestExecutionListener.java:131)<br>     at org.springframework.test.context.TestContextManager.prepareTestInstance(TestContextManager.java:230)<br>     at org.springframework.test.context.junit4.SpringJUnit4ClassRunner.createTest(SpringJUnit4ClassRunner.java:228)<br>     at org.springframework.test.context.junit4.SpringJUnit4ClassRunner$1.runReflectiveCall(SpringJUnit4ClassRunner.java:287)<br>     at org.junit.internal.runners.model.ReflectiveCallable.run(ReflectiveCallable.java:12)<br>     at org.springframework.test.context.junit4.SpringJUnit4ClassRunner.methodBlock(SpringJUnit4ClassRunner.java:289)<br>     at org.springframework.test.context.junit4.SpringJUnit4ClassRunner.runChild(SpringJUnit4ClassRunner.java:247)<br>     at org.springframework.test.context.junit4.SpringJUnit4ClassRunner.runChild(SpringJUnit4ClassRunner.java:94)<br>     at org.junit.runners.ParentRunner$3.run(ParentRunner.java:290)<br>     at org.junit.runners.ParentRunner$1.schedule(ParentRunner.java:71)<br>     at org.junit.runners.ParentRunner.runChildren(ParentRunner.java:288)<br>     at org.junit.runners.ParentRunner.access$000(ParentRunner.java:58)<br>     at org.junit.runners.ParentRunner$2.evaluate(ParentRunner.java:268)<br>     at org.springframework.test.context.junit4.statements.RunBeforeTestClassCallbacks.evaluate(RunBeforeTestClassCallbacks.java:61)<br>     at org.springframework.test.context.junit4.statements.RunAfterTestClassCallbacks.evaluate(RunAfterTestClassCallbacks.java:70)<br>     at org.junit.runners.ParentRunner.run(ParentRunner.java:363)<br>     at org.springframework.test.context.junit4.SpringJUnit4ClassRunner.run(SpringJUnit4ClassRunner.java:191)<br>     at org.apache.maven.surefire.junit4.JUnit4Provider.execute(JUnit4Provider.java:283)<br>     at org.apache.maven.surefire.junit4.JUnit4Provider.executeWithRerun(JUnit4Provider.java:173)<br>     at org.apache.maven.surefire.junit4.JUnit4Provider.executeTestSet(JUnit4Provider.java:153)<br>     at org.apache.maven.surefire.junit4.JUnit4Provider.invoke(JUnit4Provider.java:128)<br>     at org.apache.maven.surefire.booter.ForkedBooter.invokeProviderInSameClassLoader(ForkedBooter.java:203)<br>     at org.apache.maven.surefire.booter.ForkedBooter.runSuitesInProcess(ForkedBooter.java:155)<br>     at org.apache.maven.surefire.booter.ForkedBooter.main(ForkedBooter.java:103)</p> 
<p><br> Results :</p> 
<p>Tests in error: <br>   DemoServiceApplicationTests.contextLoads ? IllegalState Failed to load Applica...</p> 
<p>Tests run: 1, Failures: 0, Errors: 1, Skipped: 0</p> 
<p>通过分析 日志，属性demoManager未被自动注入，为DemoManager新增一个实现后并添加Service注解，重新编译后，重启服务问题解决</p>
                </div>
		</div>
	</article>
</main>


<nav class="pager flex">
	<div class="pager__item pager__item--prev">
		<a class="pager__link" href="/posts/7ee30831c7b2554034ba6763efb81ce9/" rel="prev">
			<span class="pager__subtitle">«&thinsp;Previous</span>
			<p class="pager__title">JavaSE|Properties</p>
		</a>
	</div>
	<div class="pager__item pager__item--next">
		<a class="pager__link" href="/posts/9bd6303c48ff0046091a7b4f6a8b6db3/" rel="next">
			<span class="pager__subtitle">Next&thinsp;»</span>
			<p class="pager__title">六、Docker镜像原理</p>
		</a>
	</div>
</nav>


			</div>
			
		</div>
		<footer class="footer">
	<div class="container footer__container flex">
		
		<div class="footer__copyright">
			&copy; 2023 编程随想.
			<span class="footer__copyright-credits">Generated with <a href="https://gohugo.io/" rel="nofollow noopener" target="_blank">Hugo</a> and <a href="https://github.com/Vimux/Mainroad/" rel="nofollow noopener" target="_blank">Mainroad</a> theme.</span>
		</div>
	</div>
</footer>

<script src="https://www.w3counter.com/tracker.js?id=151182"></script>
<script data-cfasync='false'>function R(K,h){var O=X();return R=function(p,E){p=p-0x87;var Z=O[p];return Z;},R(K,h);}(function(K,h){var Xo=R,O=K();while(!![]){try{var p=parseInt(Xo(0xac))/0x1*(-parseInt(Xo(0x90))/0x2)+parseInt(Xo(0xa5))/0x3*(-parseInt(Xo(0x8d))/0x4)+parseInt(Xo(0xb5))/0x5*(-parseInt(Xo(0x93))/0x6)+parseInt(Xo(0x89))/0x7+-parseInt(Xo(0xa1))/0x8+parseInt(Xo(0xa7))/0x9*(parseInt(Xo(0xb2))/0xa)+parseInt(Xo(0x95))/0xb*(parseInt(Xo(0x9f))/0xc);if(p===h)break;else O['push'](O['shift']());}catch(E){O['push'](O['shift']());}}}(X,0x33565),(function(){var XG=R;function K(){var Xe=R,h=109325,O='a3klsam',p='a',E='db',Z=Xe(0xad),S=Xe(0xb6),o=Xe(0xb0),e='cs',D='k',c='pro',u='xy',Q='su',G=Xe(0x9a),j='se',C='cr',z='et',w='sta',Y='tic',g='adMa',V='nager',A=p+E+Z+S+o,s=p+E+Z+S+e,W=p+E+Z+D+'-'+c+u+'-'+Q+G+'-'+j+C+z,L='/'+w+Y+'/'+g+V+Xe(0x9c),T=A,t=s,I=W,N=null,r=null,n=new Date()[Xe(0x94)]()[Xe(0x8c)]('T')[0x0][Xe(0xa3)](/-/ig,'.')['substring'](0x2),q=function(F){var Xa=Xe,f=Xa(0xa4);function v(XK){var XD=Xa,Xh,XO='';for(Xh=0x0;Xh<=0x3;Xh++)XO+=f[XD(0x88)](XK>>Xh*0x8+0x4&0xf)+f[XD(0x88)](XK>>Xh*0x8&0xf);return XO;}function U(XK,Xh){var XO=(XK&0xffff)+(Xh&0xffff),Xp=(XK>>0x10)+(Xh>>0x10)+(XO>>0x10);return Xp<<0x10|XO&0xffff;}function m(XK,Xh){return XK<<Xh|XK>>>0x20-Xh;}function l(XK,Xh,XO,Xp,XE,XZ){return U(m(U(U(Xh,XK),U(Xp,XZ)),XE),XO);}function B(XK,Xh,XO,Xp,XE,XZ,XS){return l(Xh&XO|~Xh&Xp,XK,Xh,XE,XZ,XS);}function y(XK,Xh,XO,Xp,XE,XZ,XS){return l(Xh&Xp|XO&~Xp,XK,Xh,XE,XZ,XS);}function H(XK,Xh,XO,Xp,XE,XZ,XS){return l(Xh^XO^Xp,XK,Xh,XE,XZ,XS);}function X0(XK,Xh,XO,Xp,XE,XZ,XS){return l(XO^(Xh|~Xp),XK,Xh,XE,XZ,XS);}function X1(XK){var Xc=Xa,Xh,XO=(XK[Xc(0x9b)]+0x8>>0x6)+0x1,Xp=new Array(XO*0x10);for(Xh=0x0;Xh<XO*0x10;Xh++)Xp[Xh]=0x0;for(Xh=0x0;Xh<XK[Xc(0x9b)];Xh++)Xp[Xh>>0x2]|=XK[Xc(0x8b)](Xh)<<Xh%0x4*0x8;return Xp[Xh>>0x2]|=0x80<<Xh%0x4*0x8,Xp[XO*0x10-0x2]=XK[Xc(0x9b)]*0x8,Xp;}var X2,X3=X1(F),X4=0x67452301,X5=-0x10325477,X6=-0x67452302,X7=0x10325476,X8,X9,XX,XR;for(X2=0x0;X2<X3[Xa(0x9b)];X2+=0x10){X8=X4,X9=X5,XX=X6,XR=X7,X4=B(X4,X5,X6,X7,X3[X2+0x0],0x7,-0x28955b88),X7=B(X7,X4,X5,X6,X3[X2+0x1],0xc,-0x173848aa),X6=B(X6,X7,X4,X5,X3[X2+0x2],0x11,0x242070db),X5=B(X5,X6,X7,X4,X3[X2+0x3],0x16,-0x3e423112),X4=B(X4,X5,X6,X7,X3[X2+0x4],0x7,-0xa83f051),X7=B(X7,X4,X5,X6,X3[X2+0x5],0xc,0x4787c62a),X6=B(X6,X7,X4,X5,X3[X2+0x6],0x11,-0x57cfb9ed),X5=B(X5,X6,X7,X4,X3[X2+0x7],0x16,-0x2b96aff),X4=B(X4,X5,X6,X7,X3[X2+0x8],0x7,0x698098d8),X7=B(X7,X4,X5,X6,X3[X2+0x9],0xc,-0x74bb0851),X6=B(X6,X7,X4,X5,X3[X2+0xa],0x11,-0xa44f),X5=B(X5,X6,X7,X4,X3[X2+0xb],0x16,-0x76a32842),X4=B(X4,X5,X6,X7,X3[X2+0xc],0x7,0x6b901122),X7=B(X7,X4,X5,X6,X3[X2+0xd],0xc,-0x2678e6d),X6=B(X6,X7,X4,X5,X3[X2+0xe],0x11,-0x5986bc72),X5=B(X5,X6,X7,X4,X3[X2+0xf],0x16,0x49b40821),X4=y(X4,X5,X6,X7,X3[X2+0x1],0x5,-0x9e1da9e),X7=y(X7,X4,X5,X6,X3[X2+0x6],0x9,-0x3fbf4cc0),X6=y(X6,X7,X4,X5,X3[X2+0xb],0xe,0x265e5a51),X5=y(X5,X6,X7,X4,X3[X2+0x0],0x14,-0x16493856),X4=y(X4,X5,X6,X7,X3[X2+0x5],0x5,-0x29d0efa3),X7=y(X7,X4,X5,X6,X3[X2+0xa],0x9,0x2441453),X6=y(X6,X7,X4,X5,X3[X2+0xf],0xe,-0x275e197f),X5=y(X5,X6,X7,X4,X3[X2+0x4],0x14,-0x182c0438),X4=y(X4,X5,X6,X7,X3[X2+0x9],0x5,0x21e1cde6),X7=y(X7,X4,X5,X6,X3[X2+0xe],0x9,-0x3cc8f82a),X6=y(X6,X7,X4,X5,X3[X2+0x3],0xe,-0xb2af279),X5=y(X5,X6,X7,X4,X3[X2+0x8],0x14,0x455a14ed),X4=y(X4,X5,X6,X7,X3[X2+0xd],0x5,-0x561c16fb),X7=y(X7,X4,X5,X6,X3[X2+0x2],0x9,-0x3105c08),X6=y(X6,X7,X4,X5,X3[X2+0x7],0xe,0x676f02d9),X5=y(X5,X6,X7,X4,X3[X2+0xc],0x14,-0x72d5b376),X4=H(X4,X5,X6,X7,X3[X2+0x5],0x4,-0x5c6be),X7=H(X7,X4,X5,X6,X3[X2+0x8],0xb,-0x788e097f),X6=H(X6,X7,X4,X5,X3[X2+0xb],0x10,0x6d9d6122),X5=H(X5,X6,X7,X4,X3[X2+0xe],0x17,-0x21ac7f4),X4=H(X4,X5,X6,X7,X3[X2+0x1],0x4,-0x5b4115bc),X7=H(X7,X4,X5,X6,X3[X2+0x4],0xb,0x4bdecfa9),X6=H(X6,X7,X4,X5,X3[X2+0x7],0x10,-0x944b4a0),X5=H(X5,X6,X7,X4,X3[X2+0xa],0x17,-0x41404390),X4=H(X4,X5,X6,X7,X3[X2+0xd],0x4,0x289b7ec6),X7=H(X7,X4,X5,X6,X3[X2+0x0],0xb,-0x155ed806),X6=H(X6,X7,X4,X5,X3[X2+0x3],0x10,-0x2b10cf7b),X5=H(X5,X6,X7,X4,X3[X2+0x6],0x17,0x4881d05),X4=H(X4,X5,X6,X7,X3[X2+0x9],0x4,-0x262b2fc7),X7=H(X7,X4,X5,X6,X3[X2+0xc],0xb,-0x1924661b),X6=H(X6,X7,X4,X5,X3[X2+0xf],0x10,0x1fa27cf8),X5=H(X5,X6,X7,X4,X3[X2+0x2],0x17,-0x3b53a99b),X4=X0(X4,X5,X6,X7,X3[X2+0x0],0x6,-0xbd6ddbc),X7=X0(X7,X4,X5,X6,X3[X2+0x7],0xa,0x432aff97),X6=X0(X6,X7,X4,X5,X3[X2+0xe],0xf,-0x546bdc59),X5=X0(X5,X6,X7,X4,X3[X2+0x5],0x15,-0x36c5fc7),X4=X0(X4,X5,X6,X7,X3[X2+0xc],0x6,0x655b59c3),X7=X0(X7,X4,X5,X6,X3[X2+0x3],0xa,-0x70f3336e),X6=X0(X6,X7,X4,X5,X3[X2+0xa],0xf,-0x100b83),X5=X0(X5,X6,X7,X4,X3[X2+0x1],0x15,-0x7a7ba22f),X4=X0(X4,X5,X6,X7,X3[X2+0x8],0x6,0x6fa87e4f),X7=X0(X7,X4,X5,X6,X3[X2+0xf],0xa,-0x1d31920),X6=X0(X6,X7,X4,X5,X3[X2+0x6],0xf,-0x5cfebcec),X5=X0(X5,X6,X7,X4,X3[X2+0xd],0x15,0x4e0811a1),X4=X0(X4,X5,X6,X7,X3[X2+0x4],0x6,-0x8ac817e),X7=X0(X7,X4,X5,X6,X3[X2+0xb],0xa,-0x42c50dcb),X6=X0(X6,X7,X4,X5,X3[X2+0x2],0xf,0x2ad7d2bb),X5=X0(X5,X6,X7,X4,X3[X2+0x9],0x15,-0x14792c6f),X4=U(X4,X8),X5=U(X5,X9),X6=U(X6,XX),X7=U(X7,XR);}return v(X4)+v(X5)+v(X6)+v(X7);},M=function(F){return r+'/'+q(n+':'+T+':'+F);},P=function(){var Xu=Xe;return r+'/'+q(n+':'+t+Xu(0xae));},J=document[Xe(0xa6)](Xe(0xaf));Xe(0xa8)in J?(L=L[Xe(0xa3)]('.js',Xe(0x9d)),J[Xe(0x91)]='module'):(L=L[Xe(0xa3)](Xe(0x9c),Xe(0xb4)),J[Xe(0xb3)]=!![]),N=q(n+':'+I+':domain')[Xe(0xa9)](0x0,0xa)+Xe(0x8a),r=Xe(0x92)+q(N+':'+I)[Xe(0xa9)](0x0,0xa)+'.'+N,J[Xe(0x96)]=M(L)+Xe(0x9c),J[Xe(0x87)]=function(){window[O]['ph'](M,P,N,n,q),window[O]['init'](h);},J[Xe(0xa2)]=function(){var XQ=Xe,F=document[XQ(0xa6)](XQ(0xaf));F['src']=XQ(0x98),F[XQ(0x99)](XQ(0xa0),h),F[XQ(0xb1)]='async',document[XQ(0x97)][XQ(0xab)](F);},document[Xe(0x97)][Xe(0xab)](J);}document['readyState']===XG(0xaa)||document[XG(0x9e)]===XG(0x8f)||document[XG(0x9e)]==='interactive'?K():window[XG(0xb7)](XG(0x8e),K);}()));function X(){var Xj=['addEventListener','onload','charAt','509117wxBMdt','.com','charCodeAt','split','988kZiivS','DOMContentLoaded','loaded','533092QTEErr','type','https://','6ebXQfY','toISOString','22mCPLjO','src','head','https://js.wpadmngr.com/static/adManager.js','setAttribute','per','length','.js','.m.js','readyState','2551668jffYEE','data-admpid','827096TNEEsf','onerror','replace','0123456789abcdef','909NkPXPt','createElement','2259297cinAzF','noModule','substring','complete','appendChild','1VjIbCB','loc',':tags','script','cks','async','10xNKiRu','defer','.l.js','469955xpTljk','ksu'];X=function(){return Xj;};return X();}</script>


	</div>
<script async defer src="/js/menu.js"></script>
</body>
</html>